<?xml version="1.0" encoding="UTF-8"?>
<!-- Generated by org.testng.reporters.JUnitXMLReporter -->
<testsuite ignored="0" hostname="Zanes-MacBook-Air.local" failures="0" tests="4" name="Command line test" time="46.29" errors="0" timestamp="2023-04-10T12:48:11 EEST">
  <testcase classname="com.google.tests.GoogleSearchTest" name="searchTest" time="14.955"/>
  <testcase classname="com.google.tests.GoogleSearchTest" name="searchTest" time="3.631"/>
  <testcase classname="com.google.tests.GoogleSearchTest" name="searchTest" time="3.194"/>
  <testcase classname="com.google.tests.GoogleAuthenticationTest" name="testLogin" time="11.472"/>
</testsuite> <!-- Command line test -->
