<?xml version="1.0" encoding="UTF-8"?>
<testng-results ignored="0" total="4" passed="4" failed="0" skipped="0">
  <reporter-output>
  </reporter-output>
  <suite started-at="2023-04-10T12:47:25 EEST" name="Command line suite" finished-at="2023-04-10T12:48:11 EEST" duration-ms="46290">
    <groups>
    </groups>
    <test started-at="2023-04-10T12:47:25 EEST" name="Command line test" finished-at="2023-04-10T12:48:11 EEST" duration-ms="46290">
      <class name="com.google.tests.GoogleSearchTest">
        <test-method is-config="true" signature="setUp()[pri:0, instance:com.google.tests.GoogleSearchTest@36fc695d]" started-at="2023-04-10T12:47:25 EEST" name="setUp" finished-at="2023-04-10T12:47:33 EEST" duration-ms="8017" status="PASS">
          <reporter-output>
          </reporter-output>
        </test-method> <!-- setUp -->
        <test-method signature="searchTest(java.lang.String)[pri:0, instance:com.google.tests.GoogleSearchTest@36fc695d]" started-at="2023-04-10T12:47:33 EEST" name="searchTest" data-provider="searchQueriesProvider" finished-at="2023-04-10T12:47:48 EEST" duration-ms="14955" status="PASS">
          <params>
            <param index="0">
              <value>
                <![CDATA[automated testing]]>
              </value>
            </param>
          </params>
          <reporter-output>
          </reporter-output>
        </test-method> <!-- searchTest -->
        <test-method signature="searchTest(java.lang.String)[pri:0, instance:com.google.tests.GoogleSearchTest@36fc695d]" started-at="2023-04-10T12:47:48 EEST" name="searchTest" data-provider="searchQueriesProvider" finished-at="2023-04-10T12:47:52 EEST" duration-ms="3631" status="PASS">
          <params>
            <param index="0">
              <value>
                <![CDATA[software testing]]>
              </value>
            </param>
          </params>
          <reporter-output>
          </reporter-output>
        </test-method> <!-- searchTest -->
        <test-method signature="searchTest(java.lang.String)[pri:0, instance:com.google.tests.GoogleSearchTest@36fc695d]" started-at="2023-04-10T12:47:52 EEST" name="searchTest" data-provider="searchQueriesProvider" finished-at="2023-04-10T12:47:55 EEST" duration-ms="3194" status="PASS">
          <params>
            <param index="0">
              <value>
                <![CDATA[test automation]]>
              </value>
            </param>
          </params>
          <reporter-output>
          </reporter-output>
        </test-method> <!-- searchTest -->
        <test-method is-config="true" signature="tearDown()[pri:0, instance:com.google.tests.GoogleSearchTest@36fc695d]" started-at="2023-04-10T12:47:55 EEST" name="tearDown" finished-at="2023-04-10T12:47:55 EEST" duration-ms="122" status="PASS">
          <reporter-output>
          </reporter-output>
        </test-method> <!-- tearDown -->
      </class> <!-- com.google.tests.GoogleSearchTest -->
      <class name="com.google.tests.GoogleAuthenticationTest">
        <test-method is-config="true" signature="setUsernameAndPassw()[pri:0, instance:com.google.tests.GoogleAuthenticationTest@5b7a5baa]" started-at="2023-04-10T12:47:25 EEST" name="setUsernameAndPassw" finished-at="2023-04-10T12:47:25 EEST" duration-ms="215" status="PASS">
          <reporter-output>
          </reporter-output>
        </test-method> <!-- setUsernameAndPassw -->
        <test-method is-config="true" signature="setUp()[pri:0, instance:com.google.tests.GoogleAuthenticationTest@5b7a5baa]" started-at="2023-04-10T12:47:55 EEST" name="setUp" finished-at="2023-04-10T12:47:59 EEST" duration-ms="4496" status="PASS">
          <reporter-output>
          </reporter-output>
        </test-method> <!-- setUp -->
        <test-method signature="testLogin()[pri:0, instance:com.google.tests.GoogleAuthenticationTest@5b7a5baa]" started-at="2023-04-10T12:47:59 EEST" name="testLogin" finished-at="2023-04-10T12:48:11 EEST" duration-ms="11472" status="PASS">
          <reporter-output>
          </reporter-output>
        </test-method> <!-- testLogin -->
        <test-method is-config="true" signature="tearDown()[pri:0, instance:com.google.tests.GoogleAuthenticationTest@5b7a5baa]" started-at="2023-04-10T12:48:11 EEST" name="tearDown" finished-at="2023-04-10T12:48:11 EEST" duration-ms="137" status="PASS">
          <reporter-output>
          </reporter-output>
        </test-method> <!-- tearDown -->
      </class> <!-- com.google.tests.GoogleAuthenticationTest -->
    </test> <!-- Command line test -->
  </suite> <!-- Command line suite -->
</testng-results>
