<?xml version="1.0" encoding="UTF-8"?>
<!-- Generated by org.testng.reporters.JUnitXMLReporter -->
<testsuite ignored="0" hostname="Zanes-Air.lan" failures="3" tests="4" name="Command line test" time="8.486" errors="0" timestamp="2023-04-10T00:20:09 EEST">
  <testcase classname="com.example.tests.LoginTest" name="@BeforeClass setUp" time="7.586">
    <failure type="java.io.FileNotFoundException" message="src/test/java/resources/config.properties (No such file or directory)">
      <![CDATA[java.io.FileNotFoundException: src/test/java/resources/config.properties (No such file or directory)
at java.base/java.io.FileInputStream.open0(Native Method)
at java.base/java.io.FileInputStream.open(FileInputStream.java:219)
at java.base/java.io.FileInputStream.<init>(FileInputStream.java:157)
at com.fasterxml.jackson.core.TokenStreamFactory._fileInputStream(TokenStreamFactory.java:262)
at com.fasterxml.jackson.core.JsonFactory.createParser(JsonFactory.java:1030)
at com.fasterxml.jackson.databind.ObjectMapper.readValue(ObjectMapper.java:3542)
at com.example.tests.LoginTest.setUp(LoginTest.java:33)
at java.base/java.util.ArrayList.forEach(ArrayList.java:1541)
at BaseTest.setUp(BaseTest.java:27)
at com.intellij.rt.testng.IDEARemoteTestNG.run(IDEARemoteTestNG.java:66)
at com.intellij.rt.testng.RemoteTestNGStarter.main(RemoteTestNGStarter.java:109)
... Removed 37 stack frames]]>
    </failure>
  </testcase> <!-- @BeforeClass setUp -->
  <testcase classname="com.example.tests.LoginTest" name="@AfterClass tearDown" time="-1.681075208521E9">
    <skipped/>
  </testcase> <!-- @AfterClass tearDown -->
  <testcase classname="GoogleSearchTest" name="searchTest" time="0.004">
    <failure type="java.lang.NullPointerException">
      <![CDATA[java.lang.NullPointerException
at pages.HomePage.open(HomePage.java:27)
at GoogleSearchTest.searchTest(GoogleSearchTest.java:36)
at java.base/java.util.ArrayList.forEach(ArrayList.java:1541)
at BaseTest.setUp(BaseTest.java:27)
at com.intellij.rt.testng.IDEARemoteTestNG.run(IDEARemoteTestNG.java:66)
at com.intellij.rt.testng.RemoteTestNGStarter.main(RemoteTestNGStarter.java:109)
... Removed 39 stack frames]]>
    </failure>
  </testcase> <!-- searchTest -->
  <testcase classname="GoogleSearchTest" name="searchTest" time="0.0">
    <failure type="java.lang.NullPointerException">
      <![CDATA[java.lang.NullPointerException
at pages.HomePage.open(HomePage.java:27)
at GoogleSearchTest.searchTest(GoogleSearchTest.java:36)
at java.base/java.util.ArrayList.forEach(ArrayList.java:1541)
at BaseTest.setUp(BaseTest.java:27)
at com.intellij.rt.testng.IDEARemoteTestNG.run(IDEARemoteTestNG.java:66)
at com.intellij.rt.testng.RemoteTestNGStarter.main(RemoteTestNGStarter.java:109)
... Removed 39 stack frames]]>
    </failure>
  </testcase> <!-- searchTest -->
  <testcase classname="GoogleSearchTest" name="searchTest" time="0.003">
    <failure type="java.lang.NullPointerException">
      <![CDATA[java.lang.NullPointerException
at pages.HomePage.open(HomePage.java:27)
at GoogleSearchTest.searchTest(GoogleSearchTest.java:36)
at java.base/java.util.ArrayList.forEach(ArrayList.java:1541)
at BaseTest.setUp(BaseTest.java:27)
at com.intellij.rt.testng.IDEARemoteTestNG.run(IDEARemoteTestNG.java:66)
at com.intellij.rt.testng.RemoteTestNGStarter.main(RemoteTestNGStarter.java:109)
... Removed 39 stack frames]]>
    </failure>
  </testcase> <!-- searchTest -->
  <testcase classname="com.example.tests.LoginTest" name="testLogin" time="0.0">
    <skipped/>
  </testcase> <!-- testLogin -->
</testsuite> <!-- Command line test -->
